\BOOKMARK [1][-]{section*.1}{\376\377\000A\000b\000s\000t\000r\000a\000c\000t}{}% 1
\BOOKMARK [0][-]{section*.14}{\376\377\000C\000o\000n\000t\000e\000n\000t\000s}{}% 2
\BOOKMARK [0][-]{section*.15}{\376\377\000L\000i\000s\000t\000\040\000o\000f\000\040\000F\000i\000g\000u\000r\000e\000s}{}% 3
\BOOKMARK [0][-]{section*.16}{\376\377\000L\000i\000s\000t\000\040\000o\000f\000\040\000T\000a\000b\000l\000e\000s}{}% 4
\BOOKMARK [0][-]{chapter*.17}{\376\377\000L\000i\000s\000t\000\040\000o\000f\000\040\000A\000b\000b\000r\000e\000v\000i\000a\000t\000i\000o\000n\000s\000\040\000a\000n\000d\000\040\000S\000y\000m\000b\000o\000l\000s}{}% 5
\BOOKMARK [0][-]{chapter.1}{\376\377\000I\000n\000t\000r\000o\000d\000u\000c\000t\000i\000o\000n}{}% 6
\BOOKMARK [1][-]{section.1.1}{\376\377\000Y\000o\000u\000r\000\040\000t\000h\000e\000s\000i\000s\000\040\000t\000o\000p\000i\000c}{chapter.1}% 7
\BOOKMARK [0][-]{chapter.2}{\376\377\000A\000b\000b\000r\000e\000v\000i\000a\000t\000e\000d\000\040\000t\000i\000t\000l\000e}{}% 8
\BOOKMARK [1][-]{section.2.1}{\376\377\000I\000n\000t\000r\000o\000d\000u\000c\000t\000i\000o\000n}{chapter.2}% 9
\BOOKMARK [0][-]{chapter.3}{\376\377\000C\000o\000n\000c\000l\000u\000s\000i\000o\000n}{}% 10
\BOOKMARK [0][-]{appendix.A}{\376\377\000A\000p\000p\000e\000n\000d\000i\000x}{}% 11
\BOOKMARK [1][-]{section.A.1}{\376\377\000N\000a\000m\000e\000\040\000o\000f\000\040\000A\000p\000p\000e\000n\000d\000i\000x\000-\0001}{appendix.A}% 12
\BOOKMARK [1][-]{section.A.2}{\376\377\000N\000a\000m\000e\000\040\000o\000f\000\040\000A\000p\000p\000e\000n\000d\000i\000x\000-\0002}{appendix.A}% 13
\BOOKMARK [0][-]{appendix.B}{\376\377\000E\000x\000a\000m\000p\000l\000e\000\040\000o\000f\000\040\000C\000i\000t\000a\000t\000i\000o\000n\000s}{}% 14
\BOOKMARK [0][-]{appendix.C}{\376\377\000E\000x\000a\000m\000p\000l\000e\000\040\000o\000f\000\040\000C\000o\000d\000e}{}% 15
\BOOKMARK [1][-]{section.C.1}{\376\377\000F\000i\000n\000d\000\040\000t\000h\000e\000\040\000g\000r\000e\000a\000t\000e\000s\000t\000\040\000n\000u\000m\000b\000e\000r\000\040\000f\000r\000o\000m\000\040\000a\000\040\000l\000i\000s\000t\000\040\000o\000f\000\040\000n\000u\000m\000b\000e\000r\000s\000\040\000i\000n\000\040\000P\000y\000t\000h\000o\000n}{appendix.C}% 16
\BOOKMARK [0][-]{appendix.D}{\376\377\000E\000x\000a\000m\000p\000l\000e\000\040\000o\000f\000\040\000E\000q\000u\000a\000t\000i\000o\000n\000s}{}% 17
\BOOKMARK [0][-]{appendix.E}{\376\377\000E\000x\000a\000m\000p\000l\000e\000\040\000o\000f\000\040\000F\000i\000g\000u\000r\000e\000s}{}% 18
\BOOKMARK [0][-]{appendix.F}{\376\377\000E\000x\000a\000m\000p\000l\000e\000\040\000o\000f\000\040\000F\000l\000o\000w\000\040\000C\000h\000a\000r\000t\000s}{}% 19
\BOOKMARK [0][-]{appendix.G}{\376\377\000E\000x\000a\000m\000p\000l\000e\000\040\000o\000f\000\040\000T\000a\000b\000l\000e\000s}{}% 20
